<?xml version="1.0" encoding="UTF-8"?>
<testsuite name="LibraryTest" tests="2" skipped="0" failures="0" errors="0" timestamp="2022-05-17T10:18:18" hostname="MGC12ZVD0XMD6N.dunton.ford.com" time="0.802">
  <properties/>
  <testcase name="donateMovieAddedToCatalogueWithImdbInfo()" classname="LibraryTest" time="0.762"/>
  <testcase name="membersEmailedAboutNewTitle()" classname="LibraryTest" time="0.037"/>
  <system-out><![CDATA[]]></system-out>
  <system-err><![CDATA[]]></system-err>
</testsuite>
